<?xml version="1.0" encoding="UTF-8"?>
<!-- Generated by org.testng.reporters.JUnitXMLReporter -->
<testsuite hostname="DESKTOP-1HT4T1P" ignored="0" name="Default test" tests="2" failures="0" timestamp="10 Jun 2020 17:18:33 GMT" time="17.718" errors="0">
  <testcase name="verifyNameOf3PopularTagTest" time="0.06" classname="com.qa.testcases.TagsPageTest"/>
  <testcase name="numberOfNewestQuestionsAskedTest" time="0.059" classname="com.qa.testcases.TagsPageTest"/>
</testsuite> <!-- Default test -->
