<?xml version="1.0" encoding="UTF-8"?>
<!-- Generated by org.testng.reporters.JUnitXMLReporter -->
<testsuite hostname="DESKTOP-1HT4T1P" ignored="0" name="Acceptance Test" tests="3" failures="1" timestamp="10 Jun 2020 14:12:13 GMT" time="20.658" errors="0">
  <testcase name="verifyHomePageTitleTest" time="0.015" classname="com.qa.testcases.HomePageTest"/>
  <testcase name="verifyQuestionsPageTitle" time="0.008" classname="com.qa.testcases.QuestionsPageTest">
    <failure type="java.lang.AssertionError" message="expected [Newest Questions - Stack Overflow] but found [Stack Overflow - Where Developers Learn, Share, &amp;amp; Build Careers]">
      <![CDATA[java.lang.AssertionError: expected [Newest Questions - Stack Overflow] but found [Stack Overflow - Where Developers Learn, Share, & Build Careers]
at com.qa.testcases.QuestionsPageTest.verifyQuestionsPageTitle(QuestionsPageTest.java:30)
... Removed 31 stack frames]]>
    </failure>
  </testcase> <!-- verifyQuestionsPageTitle -->
  <testcase name="verifyBrowseQuestionsLinkTest" time="2.104" classname="com.qa.testcases.HomePageTest"/>
</testsuite> <!-- Acceptance Test -->
