<?xml version="1.0" encoding="UTF-8"?>
<testng-results skipped="0" failed="0" ignored="0" total="1" passed="1">
  <reporter-output>
  </reporter-output>
  <suite name="com.qa.testcases.HomePageTest" duration-ms="7011" started-at="2020-06-10T10:12:28Z" finished-at="2020-06-10T10:12:35Z">
    <groups>
    </groups>
    <test name="Command line test" duration-ms="7011" started-at="2020-06-10T10:12:28Z" finished-at="2020-06-10T10:12:35Z">
      <class name="com.qa.testcases.HomePageTest">
        <test-method status="PASS" signature="setUp()[pri:0, instance:com.qa.testcases.HomePageTest@21bcffb5]" name="setUp" is-config="true" duration-ms="6975" started-at="2020-06-10T10:12:28Z" finished-at="2020-06-10T10:12:35Z">
          <reporter-output>
          </reporter-output>
        </test-method> <!-- setUp -->
        <test-method status="PASS" signature="verifyHomePageTitleTest()[pri:1, instance:com.qa.testcases.HomePageTest@21bcffb5]" name="verifyHomePageTitleTest" duration-ms="14" started-at="2020-06-10T10:12:35Z" finished-at="2020-06-10T10:12:35Z">
          <reporter-output>
          </reporter-output>
        </test-method> <!-- verifyHomePageTitleTest -->
      </class> <!-- com.qa.testcases.HomePageTest -->
    </test> <!-- Command line test -->
  </suite> <!-- com.qa.testcases.HomePageTest -->
</testng-results>
